Determining if the pthread_create exist failed with the following output:
Change Dir: /home/xht/fusion_platform/build/CMakeFiles/CMakeTmp

Run Build Command:"/usr/bin/make" "cmTC_bf128/fast"
/usr/bin/make -f CMakeFiles/cmTC_bf128.dir/build.make CMakeFiles/cmTC_bf128.dir/build
make[1]: Entering directory '/home/xht/fusion_platform/build/CMakeFiles/CMakeTmp'
Building C object CMakeFiles/cmTC_bf128.dir/CheckSymbolExists.c.o
/usr/bin/cc    -o CMakeFiles/cmTC_bf128.dir/CheckSymbolExists.c.o   -c /home/xht/fusion_platform/build/CMakeFiles/CMakeTmp/CheckSymbolExists.c
Linking C executable cmTC_bf128
/usr/bin/cmake -E cmake_link_script CMakeFiles/cmTC_bf128.dir/link.txt --verbose=1
/usr/bin/cc      -rdynamic CMakeFiles/cmTC_bf128.dir/CheckSymbolExists.c.o  -o cmTC_bf128 
CMakeFiles/cmTC_bf128.dir/CheckSymbolExists.c.o: In function `main':
CheckSymbolExists.c:(.text+0x1b): undefined reference to `pthread_create'
collect2: error: ld returned 1 exit status
CMakeFiles/cmTC_bf128.dir/build.make:97: recipe for target 'cmTC_bf128' failed
make[1]: *** [cmTC_bf128] Error 1
make[1]: Leaving directory '/home/xht/fusion_platform/build/CMakeFiles/CMakeTmp'
Makefile:126: recipe for target 'cmTC_bf128/fast' failed
make: *** [cmTC_bf128/fast] Error 2

File /home/xht/fusion_platform/build/CMakeFiles/CMakeTmp/CheckSymbolExists.c:
/* */
#include <pthread.h>

int main(int argc, char** argv)
{
  (void)argv;
#ifndef pthread_create
  return ((int*)(&pthread_create))[argc];
#else
  (void)argc;
  return 0;
#endif
}

Determining if the function pthread_create exists in the pthreads failed with the following output:
Change Dir: /home/xht/fusion_platform/build/CMakeFiles/CMakeTmp

Run Build Command:"/usr/bin/make" "cmTC_c41df/fast"
/usr/bin/make -f CMakeFiles/cmTC_c41df.dir/build.make CMakeFiles/cmTC_c41df.dir/build
make[1]: Entering directory '/home/xht/fusion_platform/build/CMakeFiles/CMakeTmp'
Building C object CMakeFiles/cmTC_c41df.dir/CheckFunctionExists.c.o
/usr/bin/cc   -DCHECK_FUNCTION_EXISTS=pthread_create   -o CMakeFiles/cmTC_c41df.dir/CheckFunctionExists.c.o   -c /usr/share/cmake-3.10/Modules/CheckFunctionExists.c
Linking C executable cmTC_c41df
/usr/bin/cmake -E cmake_link_script CMakeFiles/cmTC_c41df.dir/link.txt --verbose=1
/usr/bin/cc  -DCHECK_FUNCTION_EXISTS=pthread_create    -rdynamic CMakeFiles/cmTC_c41df.dir/CheckFunctionExists.c.o  -o cmTC_c41df -lpthreads 
/usr/bin/ld: cannot find -lpthreads
collect2: error: ld returned 1 exit status
CMakeFiles/cmTC_c41df.dir/build.make:97: recipe for target 'cmTC_c41df' failed
make[1]: *** [cmTC_c41df] Error 1
make[1]: Leaving directory '/home/xht/fusion_platform/build/CMakeFiles/CMakeTmp'
Makefile:126: recipe for target 'cmTC_c41df/fast' failed
make: *** [cmTC_c41df/fast] Error 2


